<?xml version="1.0" encoding="UTF-8"?>
<testng-results ignored="0" total="5" passed="5" failed="0" skipped="0">
  <reporter-output>
  </reporter-output>
  <suite started-at="2020-09-02T02:57:09 EDT" name="Default suite" finished-at="2020-09-02T02:59:40 EDT" duration-ms="150372">
    <groups>
    </groups>
    <test started-at="2020-09-02T02:57:09 EDT" name="Default test" finished-at="2020-09-02T02:59:40 EDT" duration-ms="150372">
      <class name="Tags">
        <test-method is-config="true" signature="webdriverInitalization()[pri:0, instance:Tags@37918c79]" started-at="2020-09-02T02:57:09 EDT" name="webdriverInitalization" finished-at="2020-09-02T02:57:21 EDT" duration-ms="12256" status="PASS">
          <reporter-output>
          </reporter-output>
        </test-method> <!-- webdriverInitalization -->
        <test-method signature="checkTagsBuyNsellNtoleaseNforLease()[pri:1, instance:Tags@37918c79]" started-at="2020-09-02T02:57:21 EDT" name="checkTagsBuyNsellNtoleaseNforLease" finished-at="2020-09-02T02:58:19 EDT" duration-ms="57054" status="PASS">
          <reporter-output>
          </reporter-output>
        </test-method> <!-- checkTagsBuyNsellNtoleaseNforLease -->
        <test-method signature="whyChooseUs()[pri:2, instance:Tags@37918c79]" started-at="2020-09-02T02:58:19 EDT" name="whyChooseUs" finished-at="2020-09-02T02:58:28 EDT" duration-ms="9590" status="PASS">
          <reporter-output>
          </reporter-output>
        </test-method> <!-- whyChooseUs -->
        <test-method signature="services()[pri:3, instance:Tags@37918c79]" started-at="2020-09-02T02:58:28 EDT" name="services" finished-at="2020-09-02T02:59:07 EDT" duration-ms="39056" status="PASS">
          <reporter-output>
          </reporter-output>
        </test-method> <!-- services -->
        <test-method signature="testimonials()[pri:4, instance:Tags@37918c79]" started-at="2020-09-02T02:59:07 EDT" name="testimonials" finished-at="2020-09-02T02:59:25 EDT" duration-ms="17491" status="PASS">
          <reporter-output>
          </reporter-output>
        </test-method> <!-- testimonials -->
        <test-method signature="contactUs()[pri:5, instance:Tags@37918c79]" started-at="2020-09-02T02:59:25 EDT" name="contactUs" finished-at="2020-09-02T02:59:36 EDT" duration-ms="11335" status="PASS">
          <reporter-output>
          </reporter-output>
        </test-method> <!-- contactUs -->
        <test-method is-config="true" signature="closeTheDriver()[pri:0, instance:Tags@37918c79]" started-at="2020-09-02T02:59:36 EDT" name="closeTheDriver" finished-at="2020-09-02T02:59:40 EDT" duration-ms="3511" status="PASS">
          <reporter-output>
          </reporter-output>
        </test-method> <!-- closeTheDriver -->
      </class> <!-- Tags -->
    </test> <!-- Default test -->
  </suite> <!-- Default suite -->
</testng-results>
