<?xml version="1.0" encoding="UTF-8"?>
<!-- Generated by org.testng.reporters.JUnitXMLReporter -->
<testsuite ignored="0" hostname="LAPTOP-0ADUSHPK" failures="0" tests="5" name="Default test" time="150.372" errors="0" timestamp="2020-09-02T02:59:40 EDT">
  <testcase classname="Tags" name="checkTagsBuyNsellNtoleaseNforLease" time="57.054"/>
  <testcase classname="Tags" name="whyChooseUs" time="9.59"/>
  <testcase classname="Tags" name="services" time="39.056"/>
  <testcase classname="Tags" name="testimonials" time="17.491"/>
  <testcase classname="Tags" name="contactUs" time="11.335"/>
</testsuite> <!-- Default test -->
